# vsim -l sample_run.log -c "+UVM_VERBOSITY=UVM_HIGH" tb_top -do "run -all;exit" 
# Start time: 11:30:40 on Nov 30,2023
# Loading C:/Users/admin/AppData/Local/Temp\admin@DESKTOP-CEFNA1F_dpi_4152\win32pe_gcc-4.2.1\export_tramp.dll
# Loading sv_std.std
# Loading work.uvm_pkg
# Loading work.tb_top_sv_unit
# ** Error (suppressible): (vsim-19) Failed to access library 'mtiUvm' at "mtiUvm".
# No such file or directory. (errno = ENOENT)
# ** Note: (vsim-8785) UVM-aware debugging capabilities will be disabled since no compiled "questa_uvm_pkg" can be found.
# This also means that later if you turn on UVM-aware debugging your debug simulations may have
# different random seeds from your non-debug simulations.
# Loading work.tb_top
# Compiling C:/Users/admin/AppData/Local/Temp\admin@DESKTOP-CEFNA1F_dpi_4152\win32pe_gcc-4.2.1\exportwrapper.c
# Loading C:/Users/admin/AppData/Local/Temp\admin@DESKTOP-CEFNA1F_dpi_4152\win32pe_gcc-4.2.1\vsim_auto_compile.dll
# ** Warning: Design size of 52536 statements exceeds ModelSim-Intel FPGA Starter Edition recommended capacity.
# Expect performance to be adversely affected.
# run -all
# UVM_INFO ../uvm_src/uvm-1.2//src/base/uvm_root.svh(392) @ 0: reporter [UVM/RELNOTES] 
# ----------------------------------------------------------------
# UVM-1.2
# (C) 2007-2014 Mentor Graphics Corporation
# (C) 2007-2014 Cadence Design Systems, Inc.
# (C) 2006-2014 Synopsys, Inc.
# (C) 2011-2013 Cypress Semiconductor Corp.
# (C) 2013-2014 NVIDIA Corporation
# ----------------------------------------------------------------
# 
#   ***********       IMPORTANT RELEASE NOTES         ************
# 
#   You are using a version of the UVM library that has been compiled
#   with `UVM_NO_DEPRECATED undefined.
#   See http://www.eda.org/svdb/view.php?id=3313 for more details.
# 
#   You are using a version of the UVM library that has been compiled
#   with `UVM_OBJECT_DO_NOT_NEED_CONSTRUCTOR undefined.
#   See http://www.eda.org/svdb/view.php?id=3770 for more details.
# 
#       (Specify +UVM_NO_RELNOTES to turn off this notice)
# 
# UVM_INFO ../test/tb_top.sv(10) @ 0: reporter [Shahul] My simple test : Start of Test
# UVM_INFO ../test/tb_top.sv(12) @ 0: reporter [Shahul] 
# **********************************************
# This is my Hello World test 
# **********************************************
# UVM_INFO ../test/tb_top.sv(13) @ 0: reporter [Shahul] My simple test : End of Test
# UVM_WARNING ../test/tb_top.sv(15) @ 0: reporter [Shahul_UVM_warning] Sample Warning
# UVM_ERROR ../test/tb_top.sv(16) @ 0: reporter [Shahul_UVM_error] Sample Error
# exit
# End time: 11:30:45 on Nov 30,2023, Elapsed time: 0:00:05
# Errors: 1, Warnings: 1
